<?xml version="1.0" encoding="utf-8"?>
<coverage line-rate="0.3333" branch-rate="0.26649999999999996" version="1.9" timestamp="1788014637" lines-covered="295" lines-valid="885" branches-covered="109" branches-valid="409">
  <sources>
    <source>C:\Users\gbaco\Desktop\Open Classroom Foundry\src\</source>
  </sources>
  <packages>
    <package name="Foundry.Contracts" line-rate="0.061200000000000004" branch-rate="1" complexity="98">
      <classes>
        <class name="Foundry.Contracts.SymbolSubmission" filename="Foundry.Contracts\Assets.cs" line-rate="0" branch-rate="1" complexity="9">
          <methods>
            <method name="get_Id" signature="()" line-rate="0" branch-rate="1" complexity="1">
              <lines>
                <line number="15" hits="0" branch="False" />
              </lines>
            </method>
            <method name="get_IntendedMeaning" signature="()" line-rate="0" branch-rate="1" complexity="1">
              <lines>
                <line number="16" hits="0" branch="False" />
              </lines>
            </method>
            <method name="get_AltText" signature="()" line-rate="0" branch-rate="1" complexity="1">
              <lines>
                <line number="17" hits="0" branch="False" />
              </lines>
            </method>
            <method name="get_Content" signature="()" line-rate="0" branch-rate="1" complexity="1">
              <lines>
                <line number="18" hits="0" branch="False" />
              </lines>
            </method>
            <method name="get_MimeType" signature="()" line-rate="0" branch-rate="1" complexity="1">
              <lines>
                <line number="19" hits="0" branch="False" />
              </lines>
            </method>
            <method name="get_TeacherStatedRights" signature="()" line-rate="0" branch-rate="1" complexity="1">
              <lines>
                <line number="20" hits="0" branch="False" />
              </lines>
            </method>
            <method name="get_AmbiguityNotes" signature="()" line-rate="0" branch-rate="1" complexity="1">
              <lines>
                <line number="21" hits="0" branch="False" />
              </lines>
            </method>
            <method name="get_License" signature="()" line-rate="0" branch-rate="1" complexity="1">
              <lines>
                <line number="22" hits="0" branch="False" />
              </lines>
            </method>
            <method name=".ctor" signature="(Foundry.Domain.AssetId,System.String,System.String,System.ReadOnlyMemory`1&lt;System.Byte&gt;,System.String,System.String,System.String,System.String)" line-rate="0" branch-rate="1" complexity="1">
              <lines>
                <line number="14" hits="0" branch="False" />
              </lines>
            </method>
          </methods>
          <lines>
            <line number="15" hits="0" branch="False" />
            <line number="16" hits="0" branch="False" />
            <line number="17" hits="0" branch="False" />
            <line number="18" hits="0" branch="False" />
            <line number="19" hits="0" branch="False" />
            <line number="20" hits="0" branch="False" />
            <line number="21" hits="0" branch="False" />
            <line number="22" hits="0" branch="False" />
            <line number="14" hits="0" branch="False" />
          </lines>
        </class>
        <class name="Foundry.Contracts.AssetProvenance" filename="Foundry.Contracts\Assets.cs" line-rate="0" branch-rate="1" complexity="16">
          <methods>
            <method name="get_Id" signature="()" line-rate="0" branch-rate="1" complexity="1">
              <lines>
                <line number="25" hits="0" branch="False" />
              </lines>
            </method>
            <method name="get_ConceptId" signature="()" line-rate="0" branch-rate="1" complexity="1">
              <lines>
                <line number="26" hits="0" branch="False" />
              </lines>
            </method>
            <method name="get_Version" signature="()" line-rate="0" branch-rate="1" complexity="1">
              <lines>
                <line number="27" hits="0" branch="False" />
              </lines>
            </method>
            <method name="get_FileName" signature="()" line-rate="0" branch-rate="1" complexity="1">
              <lines>
                <line number="28" hits="0" branch="False" />
              </lines>
            </method>
            <method name="get_MimeType" signature="()" line-rate="0" branch-rate="1" complexity="1">
              <lines>
                <line number="29" hits="0" branch="False" />
              </lines>
            </method>
            <method name="get_Source" signature="()" line-rate="0" branch-rate="1" complexity="1">
              <lines>
                <line number="30" hits="0" branch="False" />
              </lines>
            </method>
            <method name="get_Creator" signature="()" line-rate="0" branch-rate="1" complexity="1">
              <lines>
                <line number="31" hits="0" branch="False" />
              </lines>
            </method>
            <method name="get_License" signature="()" line-rate="0" branch-rate="1" complexity="1">
              <lines>
                <line number="32" hits="0" branch="False" />
              </lines>
            </method>
            <method name="get_Sha256" signature="()" line-rate="0" branch-rate="1" complexity="1">
              <lines>
                <line number="33" hits="0" branch="False" />
              </lines>
            </method>
            <method name="get_IntendedMeaning" signature="()" line-rate="0" branch-rate="1" complexity="1">
              <lines>
                <line number="34" hits="0" branch="False" />
              </lines>
            </method>
            <method name="get_AltText" signature="()" line-rate="0" branch-rate="1" complexity="1">
              <lines>
                <line number="35" hits="0" branch="False" />
              </lines>
            </method>
            <method name="get_Redistributable" signature="()" line-rate="0" branch-rate="1" complexity="1">
              <lines>
                <line number="36" hits="0" branch="False" />
              </lines>
            </method>
            <method name="get_AmbiguityNotes" signature="()" line-rate="0" branch-rate="1" complexity="1">
              <lines>
                <line number="37" hits="0" branch="False" />
              </lines>
            </method>
            <method name="get_RequiredAttribution" signature="()" line-rate="0" branch-rate="1" complexity="1">
              <lines>
                <line number="38" hits="0" branch="False" />
              </lines>
            </method>
            <method name="get_Modifications" signature="()" line-rate="0" branch-rate="1" complexity="1">
              <lines>
                <line number="39" hits="0" branch="False" />
              </lines>
            </method>
            <method name=".ctor" signature="(Foundry.Domain.AssetId,System.String,System.String,System.String,System.String,System.String,System.String,System.String,System.String,System.String,System.String,System.Boolean,System.String,System.String,System.String)" line-rate="0" branch-rate="1" complexity="1">
              <lines>
                <line number="24" hits="0" branch="False" />
              </lines>
            </method>
          </methods>
          <lines>
            <line number="25" hits="0" branch="False" />
            <line number="26" hits="0" branch="False" />
            <line number="27" hits="0" branch="False" />
            <line number="28" hits="0" branch="False" />
            <line number="29" hits="0" branch="False" />
            <line number="30" hits="0" branch="False" />
            <line number="31" hits="0" branch="False" />
            <line number="32" hits="0" branch="False" />
            <line number="33" hits="0" branch="False" />
            <line number="34" hits="0" branch="False" />
            <line number="35" hits="0" branch="False" />
            <line number="36" hits="0" branch="False" />
            <line number="37" hits="0" branch="False" />
            <line number="38" hits="0" branch="False" />
            <line number="39" hits="0" branch="False" />
            <line number="24" hits="0" branch="False" />
          </lines>
        </class>
        <class name="Foundry.Contracts.LearningTarget" filename="Foundry.Contracts\InstructionalContracts.cs" line-rate="0" branch-rate="1" complexity="1">
          <methods>
            <method name="get_Statement" signature="()" line-rate="0" branch-rate="1" complexity="1">
              <lines>
                <line number="9" hits="0" branch="False" />
              </lines>
            </method>
          </methods>
          <lines>
            <line number="9" hits="0" branch="False" />
          </lines>
        </class>
        <class name="Foundry.Contracts.InstructionalDecision" filename="Foundry.Contracts\InstructionalContracts.cs" line-rate="0" branch-rate="1" complexity="1">
          <methods>
            <method name="get_WhenYouSee" signature="()" line-rate="0" branch-rate="1" complexity="1">
              <lines>
                <line number="12" hits="0" branch="False" />
              </lines>
            </method>
          </methods>
          <lines>
            <line number="12" hits="0" branch="False" />
          </lines>
        </class>
        <class name="Foundry.Contracts.DistrictPolicy" filename="Foundry.Contracts\PolicyContracts.cs" line-rate="0" branch-rate="1" complexity="8">
          <methods>
            <method name="get_AllowedEndpoints" signature="()" line-rate="0" branch-rate="1" complexity="1">
              <lines>
                <line number="13" hits="0" branch="False" />
              </lines>
            </method>
            <method name="get_ProviderId" signature="()" line-rate="0" branch-rate="1" complexity="1">
              <lines>
                <line number="14" hits="0" branch="False" />
              </lines>
            </method>
            <method name="get_DeploymentId" signature="()" line-rate="0" branch-rate="1" complexity="1">
              <lines>
                <line number="15" hits="0" branch="False" />
              </lines>
            </method>
            <method name="get_MaximumLane" signature="()" line-rate="0" branch-rate="1" complexity="1">
              <lines>
                <line number="16" hits="0" branch="False" />
              </lines>
            </method>
            <method name="get_CloudInferenceEnabled" signature="()" line-rate="0" branch-rate="1" complexity="1">
              <lines>
                <line number="17" hits="0" branch="False" />
              </lines>
            </method>
            <method name="get_SafeguardingProcedureText" signature="()" line-rate="0" branch-rate="1" complexity="1">
              <lines>
                <line number="18" hits="0" branch="False" />
              </lines>
            </method>
            <method name="get_Offline" signature="()" line-rate="0" branch-rate="1" complexity="1">
              <lines>
                <line number="20" hits="0" branch="False" />
              </lines>
            </method>
            <method name=".ctor" signature="(System.Collections.Generic.IReadOnlyList`1&lt;System.String&gt;,System.String,System.String,Foundry.Domain.DataLane,System.Boolean,System.String)" line-rate="0" branch-rate="1" complexity="1">
              <lines>
                <line number="12" hits="0" branch="False" />
              </lines>
            </method>
          </methods>
          <lines>
            <line number="13" hits="0" branch="False" />
            <line number="14" hits="0" branch="False" />
            <line number="15" hits="0" branch="False" />
            <line number="16" hits="0" branch="False" />
            <line number="17" hits="0" branch="False" />
            <line number="18" hits="0" branch="False" />
            <line number="20" hits="0" branch="False" />
            <line number="12" hits="0" branch="False" />
          </lines>
        </class>
        <class name="Foundry.Contracts.TeacherPreferences" filename="Foundry.Contracts\PolicyContracts.cs" line-rate="0" branch-rate="1" complexity="5">
          <methods>
            <method name="get_PreferredSourceLocale" signature="()" line-rate="0" branch-rate="1" complexity="1">
              <lines>
                <line number="25" hits="0" branch="False" />
              </lines>
            </method>
            <method name="get_PreferredTargetLocale" signature="()" line-rate="0" branch-rate="1" complexity="1">
              <lines>
                <line number="26" hits="0" branch="False" />
              </lines>
            </method>
            <method name="get_DuplexDefault" signature="()" line-rate="0" branch-rate="1" complexity="1">
              <lines>
                <line number="27" hits="0" branch="False" />
              </lines>
            </method>
            <method name="get_PrintCopiesDefault" signature="()" line-rate="0" branch-rate="1" complexity="1">
              <lines>
                <line number="28" hits="0" branch="False" />
              </lines>
            </method>
            <method name=".ctor" signature="(System.String,System.String,System.Boolean,System.Int32)" line-rate="0" branch-rate="1" complexity="1">
              <lines>
                <line number="24" hits="0" branch="False" />
              </lines>
            </method>
          </methods>
          <lines>
            <line number="25" hits="0" branch="False" />
            <line number="26" hits="0" branch="False" />
            <line number="27" hits="0" branch="False" />
            <line number="28" hits="0" branch="False" />
            <line number="24" hits="0" branch="False" />
          </lines>
        </class>
        <class name="Foundry.Contracts.ProjectManifest" filename="Foundry.Contracts\ProjectManifest.cs" line-rate="0" branch-rate="1" complexity="16">
          <methods>
            <method name="get_SchemaVersion" signature="()" line-rate="0" branch-rate="1" complexity="1">
              <lines>
                <line number="8" hits="0" branch="False" />
              </lines>
            </method>
            <method name="get_ProjectId" signature="()" line-rate="0" branch-rate="1" complexity="1">
              <lines>
                <line number="9" hits="0" branch="False" />
              </lines>
            </method>
            <method name="get_ModuleId" signature="()" line-rate="0" branch-rate="1" complexity="1">
              <lines>
                <line number="10" hits="0" branch="False" />
              </lines>
            </method>
            <method name="get_ModuleVersion" signature="()" line-rate="0" branch-rate="1" complexity="1">
              <lines>
                <line number="11" hits="0" branch="False" />
              </lines>
            </method>
            <method name="get_RecipeId" signature="()" line-rate="0" branch-rate="1" complexity="1">
              <lines>
                <line number="12" hits="0" branch="False" />
              </lines>
            </method>
            <method name="get_RecipeVersion" signature="()" line-rate="0" branch-rate="1" complexity="1">
              <lines>
                <line number="13" hits="0" branch="False" />
              </lines>
            </method>
            <method name="get_CreatedUtc" signature="()" line-rate="0" branch-rate="1" complexity="1">
              <lines>
                <line number="14" hits="0" branch="False" />
              </lines>
            </method>
            <method name="get_ModifiedUtc" signature="()" line-rate="0" branch-rate="1" complexity="1">
              <lines>
                <line number="15" hits="0" branch="False" />
              </lines>
            </method>
            <method name="get_DataLane" signature="()" line-rate="0" branch-rate="1" complexity="1">
              <lines>
                <line number="16" hits="0" branch="False" />
              </lines>
            </method>
            <method name="get_RetentionMode" signature="()" line-rate="0" branch-rate="1" complexity="1">
              <lines>
                <line number="17" hits="0" branch="False" />
              </lines>
            </method>
            <method name="get_SourceLocale" signature="()" line-rate="0" branch-rate="1" complexity="1">
              <lines>
                <line number="18" hits="0" branch="False" />
              </lines>
            </method>
            <method name="get_OutputLocale" signature="()" line-rate="0" branch-rate="1" complexity="1">
              <lines>
                <line number="19" hits="0" branch="False" />
              </lines>
            </method>
            <method name="get_EngineVersion" signature="()" line-rate="0" branch-rate="1" complexity="1">
              <lines>
                <line number="20" hits="0" branch="False" />
              </lines>
            </method>
            <method name="get_ArtifactPath" signature="()" line-rate="0" branch-rate="1" complexity="1">
              <lines>
                <line number="21" hits="0" branch="False" />
              </lines>
            </method>
            <method name="get_AssetIds" signature="()" line-rate="0" branch-rate="1" complexity="1">
              <lines>
                <line number="22" hits="0" branch="False" />
              </lines>
            </method>
            <method name=".ctor" signature="(System.String,System.Guid,System.String,System.String,System.String,System.String,System.DateTimeOffset,System.DateTimeOffset,Foundry.Domain.DataLane,System.String,System.String,System.String,System.String,System.String,System.Collections.Generic.IReadOnlyList`1&lt;System.String&gt;)" line-rate="0" branch-rate="1" complexity="1">
              <lines>
                <line number="7" hits="0" branch="False" />
              </lines>
            </method>
          </methods>
          <lines>
            <line number="8" hits="0" branch="False" />
            <line number="9" hits="0" branch="False" />
            <line number="10" hits="0" branch="False" />
            <line number="11" hits="0" branch="False" />
            <line number="12" hits="0" branch="False" />
            <line number="13" hits="0" branch="False" />
            <line number="14" hits="0" branch="False" />
            <line number="15" hits="0" branch="False" />
            <line number="16" hits="0" branch="False" />
            <line number="17" hits="0" branch="False" />
            <line number="18" hits="0" branch="False" />
            <line number="19" hits="0" branch="False" />
            <line number="20" hits="0" branch="False" />
            <line number="21" hits="0" branch="False" />
            <line number="22" hits="0" branch="False" />
            <line number="7" hits="0" branch="False" />
          </lines>
        </class>
        <class name="Foundry.Contracts.RecipeManifest" filename="Foundry.Contracts\RecipeManifest.cs" line-rate="0" branch-rate="1" complexity="17">
          <methods>
            <method name="get_Id" signature="()" line-rate="0" branch-rate="1" complexity="1">
              <lines>
                <line number="11" hits="0" branch="False" />
              </lines>
            </method>
            <method name="get_Version" signature="()" line-rate="0" branch-rate="1" complexity="1">
              <lines>
                <line number="12" hits="0" branch="False" />
              </lines>
            </method>
            <method name="get_License" signature="()" line-rate="0" branch-rate="1" complexity="1">
              <lines>
                <line number="13" hits="0" branch="False" />
              </lines>
            </method>
            <method name="get_MinimumEngineVersion" signature="()" line-rate="0" branch-rate="1" complexity="1">
              <lines>
                <line number="14" hits="0" branch="False" />
              </lines>
            </method>
            <method name="get_InstructionalPurpose" signature="()" line-rate="0" branch-rate="1" complexity="1">
              <lines>
                <line number="15" hits="0" branch="False" />
              </lines>
            </method>
            <method name="get_ProhibitedPurposes" signature="()" line-rate="0" branch-rate="1" complexity="1">
              <lines>
                <line number="16" hits="0" branch="False" />
              </lines>
            </method>
            <method name="get_AllowedInputKinds" signature="()" line-rate="0" branch-rate="1" complexity="1">
              <lines>
                <line number="17" hits="0" branch="False" />
              </lines>
            </method>
            <method name="get_MaximumLane" signature="()" line-rate="0" branch-rate="1" complexity="1">
              <lines>
                <line number="18" hits="0" branch="False" />
              </lines>
            </method>
            <method name="get_RequiredProviderCapabilities" signature="()" line-rate="0" branch-rate="1" complexity="1">
              <lines>
                <line number="19" hits="0" branch="False" />
              </lines>
            </method>
            <method name="get_OutputSchemaId" signature="()" line-rate="0" branch-rate="1" complexity="1">
              <lines>
                <line number="20" hits="0" branch="False" />
              </lines>
            </method>
            <method name="get_ValidatorIds" signature="()" line-rate="0" branch-rate="1" complexity="1">
              <lines>
                <line number="21" hits="0" branch="False" />
              </lines>
            </method>
            <method name="get_EditorId" signature="()" line-rate="0" branch-rate="1" complexity="1">
              <lines>
                <line number="22" hits="0" branch="False" />
              </lines>
            </method>
            <method name="get_RendererId" signature="()" line-rate="0" branch-rate="1" complexity="1">
              <lines>
                <line number="23" hits="0" branch="False" />
              </lines>
            </method>
            <method name="get_SupportedExports" signature="()" line-rate="0" branch-rate="1" complexity="1">
              <lines>
                <line number="24" hits="0" branch="False" />
              </lines>
            </method>
            <method name="get_Warnings" signature="()" line-rate="0" branch-rate="1" complexity="1">
              <lines>
                <line number="25" hits="0" branch="False" />
              </lines>
            </method>
            <method name="get_EvaluationSuiteVersion" signature="()" line-rate="0" branch-rate="1" complexity="1">
              <lines>
                <line number="26" hits="0" branch="False" />
              </lines>
            </method>
            <method name=".ctor" signature="(System.String,System.String,System.String,System.String,System.String,System.Collections.Generic.IReadOnlyList`1&lt;System.String&gt;,System.Collections.Generic.IReadOnlyList`1&lt;System.String&gt;,Foundry.Domain.DataLane,System.Collections.Generic.IReadOnlyList`1&lt;System.String&gt;,System.String,System.Collections.Generic.IReadOnlyList`1&lt;System.String&gt;,System.String,System.String,System.Collections.Generic.IReadOnlyList`1&lt;Foundry.Contracts.RenderTarget&gt;,System.Collections.Generic.IReadOnlyList`1&lt;System.String&gt;,System.String)" line-rate="0" branch-rate="1" complexity="1">
              <lines>
                <line number="10" hits="0" branch="False" />
              </lines>
            </method>
          </methods>
          <lines>
            <line number="11" hits="0" branch="False" />
            <line number="12" hits="0" branch="False" />
            <line number="13" hits="0" branch="False" />
            <line number="14" hits="0" branch="False" />
            <line number="15" hits="0" branch="False" />
            <line number="16" hits="0" branch="False" />
            <line number="17" hits="0" branch="False" />
            <line number="18" hits="0" branch="False" />
            <line number="19" hits="0" branch="False" />
            <line number="20" hits="0" branch="False" />
            <line number="21" hits="0" branch="False" />
            <line number="22" hits="0" branch="False" />
            <line number="23" hits="0" branch="False" />
            <line number="24" hits="0" branch="False" />
            <line number="25" hits="0" branch="False" />
            <line number="26" hits="0" branch="False" />
            <line number="10" hits="0" branch="False" />
          </lines>
        </class>
        <class name="Foundry.Contracts.CaptureRequest" filename="Foundry.Contracts\SeamRecords.cs" line-rate="0" branch-rate="1" complexity="1">
          <methods>
            <method name="get_SourceKind" signature="()" line-rate="0" branch-rate="1" complexity="1">
              <lines>
                <line number="14" hits="0" branch="False" />
              </lines>
            </method>
          </methods>
          <lines>
            <line number="14" hits="0" branch="False" />
          </lines>
        </class>
        <class name="Foundry.Contracts.CropRectangle" filename="Foundry.Contracts\SeamRecords.cs" line-rate="0" branch-rate="1" complexity="1">
          <methods>
            <method name="get_X" signature="()" line-rate="0" branch-rate="1" complexity="1">
              <lines>
                <line number="24" hits="0" branch="False" />
              </lines>
            </method>
          </methods>
          <lines>
            <line number="24" hits="0" branch="False" />
          </lines>
        </class>
        <class name="Foundry.Contracts.NormalizationRequest" filename="Foundry.Contracts\SeamRecords.cs" line-rate="0" branch-rate="1" complexity="4">
          <methods>
            <method name="get_Rotation" signature="()" line-rate="0" branch-rate="1" complexity="1">
              <lines>
                <line number="34" hits="0" branch="False" />
              </lines>
            </method>
            <method name="get_Crop" signature="()" line-rate="0" branch-rate="1" complexity="1">
              <lines>
                <line number="35" hits="0" branch="False" />
              </lines>
            </method>
            <method name="get_RedactionBurns" signature="()" line-rate="0" branch-rate="1" complexity="1">
              <lines>
                <line number="36" hits="0" branch="False" />
              </lines>
            </method>
            <method name=".ctor" signature="(Foundry.Contracts.RotationDegrees,Foundry.Contracts.CropRectangle,System.Collections.Generic.IReadOnlyList`1&lt;Foundry.Contracts.RedactionRegion&gt;)" line-rate="0" branch-rate="1" complexity="1">
              <lines>
                <line number="33" hits="0" branch="False" />
              </lines>
            </method>
          </methods>
          <lines>
            <line number="34" hits="0" branch="False" />
            <line number="35" hits="0" branch="False" />
            <line number="36" hits="0" branch="False" />
            <line number="33" hits="0" branch="False" />
          </lines>
        </class>
        <class name="Foundry.Contracts.OcrToken" filename="Foundry.Contracts\SeamRecords.cs" line-rate="0" branch-rate="1" complexity="1">
          <methods>
            <method name="get_Text" signature="()" line-rate="0" branch-rate="1" complexity="1">
              <lines>
                <line number="38" hits="0" branch="False" />
              </lines>
            </method>
          </methods>
          <lines>
            <line number="38" hits="0" branch="False" />
          </lines>
        </class>
        <class name="Foundry.Contracts.OcrResult" filename="Foundry.Contracts\SeamRecords.cs" line-rate="0" branch-rate="1" complexity="1">
          <methods>
            <method name="get_Tokens" signature="()" line-rate="0" branch-rate="1" complexity="1">
              <lines>
                <line number="40" hits="0" branch="False" />
              </lines>
            </method>
          </methods>
          <lines>
            <line number="40" hits="0" branch="False" />
          </lines>
        </class>
        <class name="Foundry.Contracts.RedactionRegion" filename="Foundry.Contracts\SeamRecords.cs" line-rate="0" branch-rate="1" complexity="1">
          <methods>
            <method name="get_Page" signature="()" line-rate="0" branch-rate="1" complexity="1">
              <lines>
                <line number="42" hits="0" branch="False" />
              </lines>
            </method>
          </methods>
          <lines>
            <line number="42" hits="0" branch="False" />
          </lines>
        </class>
        <class name="Foundry.Contracts.RedactionSuggestions" filename="Foundry.Contracts\SeamRecords.cs" line-rate="0" branch-rate="1" complexity="1">
          <methods>
            <method name="get_Regions" signature="()" line-rate="0" branch-rate="1" complexity="1">
              <lines>
                <line number="44" hits="0" branch="False" />
              </lines>
            </method>
          </methods>
          <lines>
            <line number="44" hits="0" branch="False" />
          </lines>
        </class>
        <class name="Foundry.Contracts.RenderRequest" filename="Foundry.Contracts\SeamRecords.cs" line-rate="1" branch-rate="1" complexity="5">
          <methods>
            <method name="get_Target" signature="()" line-rate="1" branch-rate="1" complexity="1">
              <lines>
                <line number="74" hits="93" branch="False" />
              </lines>
            </method>
            <method name="get_Audience" signature="()" line-rate="1" branch-rate="1" complexity="1">
              <lines>
                <line number="75" hits="48" branch="False" />
              </lines>
            </method>
            <method name="get_TextScalePercent" signature="()" line-rate="1" branch-rate="1" complexity="1">
              <lines>
                <line number="76" hits="23" branch="False" />
              </lines>
            </method>
            <method name="get_TargetLanguageFirst" signature="()" line-rate="1" branch-rate="1" complexity="1">
              <lines>
                <line number="77" hits="43" branch="False" />
              </lines>
            </method>
            <method name=".ctor" signature="(Foundry.Contracts.RenderTarget,Foundry.Contracts.RenderAudience,System.Double,System.Boolean)" line-rate="1" branch-rate="1" complexity="1">
              <lines>
                <line number="73" hits="26" branch="False" />
              </lines>
            </method>
          </methods>
          <lines>
            <line number="74" hits="93" branch="False" />
            <line number="75" hits="48" branch="False" />
            <line number="76" hits="23" branch="False" />
            <line number="77" hits="43" branch="False" />
            <line number="73" hits="26" branch="False" />
          </lines>
        </class>
        <class name="Foundry.Contracts.RenderedOutput" filename="Foundry.Contracts\SeamRecords.cs" line-rate="1" branch-rate="1" complexity="1">
          <methods>
            <method name="get_Target" signature="()" line-rate="1" branch-rate="1" complexity="1">
              <lines>
                <line number="79" hits="47" branch="False" />
              </lines>
            </method>
          </methods>
          <lines>
            <line number="79" hits="47" branch="False" />
          </lines>
        </class>
        <class name="Foundry.Contracts.PrintRequest" filename="Foundry.Contracts\SeamRecords.cs" line-rate="0" branch-rate="1" complexity="1">
          <methods>
            <method name="get_PrinterName" signature="()" line-rate="0" branch-rate="1" complexity="1">
              <lines>
                <line number="81" hits="0" branch="False" />
              </lines>
            </method>
          </methods>
          <lines>
            <line number="81" hits="0" branch="False" />
          </lines>
        </class>
        <class name="Foundry.Contracts.ExportRequest" filename="Foundry.Contracts\SeamRecords.cs" line-rate="0" branch-rate="1" complexity="1">
          <methods>
            <method name="get_Target" signature="()" line-rate="0" branch-rate="1" complexity="1">
              <lines>
                <line number="83" hits="0" branch="False" />
              </lines>
            </method>
          </methods>
          <lines>
            <line number="83" hits="0" branch="False" />
          </lines>
        </class>
        <class name="Foundry.Contracts.ProjectSaveRequest" filename="Foundry.Contracts\SeamRecords.cs" line-rate="0" branch-rate="1" complexity="6">
          <methods>
            <method name="get_DestinationHint" signature="()" line-rate="0" branch-rate="1" complexity="1">
              <lines>
                <line number="91" hits="0" branch="False" />
              </lines>
            </method>
            <method name="get_ModuleId" signature="()" line-rate="0" branch-rate="1" complexity="1">
              <lines>
                <line number="92" hits="0" branch="False" />
              </lines>
            </method>
            <method name="get_RecipeId" signature="()" line-rate="0" branch-rate="1" complexity="1">
              <lines>
                <line number="93" hits="0" branch="False" />
              </lines>
            </method>
            <method name="get_RecipeVersion" signature="()" line-rate="0" branch-rate="1" complexity="1">
              <lines>
                <line number="94" hits="0" branch="False" />
              </lines>
            </method>
            <method name="get_SavedAtUtc" signature="()" line-rate="0" branch-rate="1" complexity="1">
              <lines>
                <line number="95" hits="0" branch="False" />
              </lines>
            </method>
            <method name=".ctor" signature="(System.String,System.String,System.String,System.String,System.DateTimeOffset)" line-rate="0" branch-rate="1" complexity="1">
              <lines>
                <line number="90" hits="0" branch="False" />
              </lines>
            </method>
          </methods>
          <lines>
            <line number="91" hits="0" branch="False" />
            <line number="92" hits="0" branch="False" />
            <line number="93" hits="0" branch="False" />
            <line number="94" hits="0" branch="False" />
            <line number="95" hits="0" branch="False" />
            <line number="90" hits="0" branch="False" />
          </lines>
        </class>
        <class name="Foundry.Contracts.RecipeRunInputs" filename="Foundry.Contracts\SeamRecords.cs" line-rate="0" branch-rate="1" complexity="1">
          <methods>
            <method name="get_Sources" signature="()" line-rate="0" branch-rate="1" complexity="1">
              <lines>
                <line number="97" hits="0" branch="False" />
              </lines>
            </method>
          </methods>
          <lines>
            <line number="97" hits="0" branch="False" />
          </lines>
        </class>
      </classes>
    </package>
    <package name="Foundry.Domain" line-rate="0.0873" branch-rate="0.0034999999999999996" complexity="361">
      <classes>
        <class name="System.Text.RegularExpressions.Generated.&lt;RegexGenerator_g&gt;F2DCF832548F7187EF7DB80B49D7B65C79B11DBDE9AF5EA51BF3D907FCC46DA27__IdentifierPattern_0" filename="Foundry.Domain\obj\Debug\net10.0\System.Text.RegularExpressions.Generator\System.Text.RegularExpressions.Generator.RegexGenerator\RegexGenerator.g.cs" line-rate="0" branch-rate="1" complexity="2">
          <methods>
            <method name=".ctor" signature="()" line-rate="0" branch-rate="1" complexity="1">
              <lines>
                <line number="48" hits="0" branch="False" />
                <line number="49" hits="0" branch="False" />
                <line number="50" hits="0" branch="False" />
                <line number="51" hits="0" branch="False" />
                <line number="52" hits="0" branch="False" />
                <line number="53" hits="0" branch="False" />
                <line number="54" hits="0" branch="False" />
                <line number="55" hits="0" branch="False" />
                <line number="56" hits="0" branch="False" />
              </lines>
            </method>
            <method name=".cctor" signature="()" line-rate="0" branch-rate="1" complexity="1">
              <lines>
                <line number="45" hits="0" branch="False" />
              </lines>
            </method>
          </methods>
          <lines>
            <line number="48" hits="0" branch="False" />
            <line number="49" hits="0" branch="False" />
            <line number="50" hits="0" branch="False" />
            <line number="51" hits="0" branch="False" />
            <line number="52" hits="0" branch="False" />
            <line number="53" hits="0" branch="False" />
            <line number="54" hits="0" branch="False" />
            <line number="55" hits="0" branch="False" />
            <line number="56" hits="0" branch="False" />
            <line number="45" hits="0" branch="False" />
          </lines>
        </class>
        <class name="System.Text.RegularExpressions.Generated.&lt;RegexGenerator_g&gt;F2DCF832548F7187EF7DB80B49D7B65C79B11DBDE9AF5EA51BF3D907FCC46DA27__IdentifierPattern_0/RunnerFactory" filename="Foundry.Domain\obj\Debug\net10.0\System.Text.RegularExpressions.Generator\System.Text.RegularExpressions.Generator.RegexGenerator\RegexGenerator.g.cs" line-rate="0" branch-rate="1" complexity="1">
          <methods>
            <method name="CreateInstance" signature="()" line-rate="0" branch-rate="1" complexity="1">
              <lines>
                <line number="62" hits="0" branch="False" />
              </lines>
            </method>
          </methods>
          <lines>
            <line number="62" hits="0" branch="False" />
          </lines>
        </class>
        <class name="System.Text.RegularExpressions.Generated.&lt;RegexGenerator_g&gt;F2DCF832548F7187EF7DB80B49D7B65C79B11DBDE9AF5EA51BF3D907FCC46DA27__IdentifierPattern_0/RunnerFactory/Runner" filename="Foundry.Domain\obj\Debug\net10.0\System.Text.RegularExpressions.Generator\System.Text.RegularExpressions.Generator.RegexGenerator\RegexGenerator.g.cs" line-rate="0" branch-rate="0" complexity="36">
          <methods>
            <method name="Scan" signature="(System.ReadOnlySpan`1&lt;System.Char&gt;)" line-rate="0" branch-rate="0" complexity="4">
              <lines>
                <line number="70" hits="0" branch="False" />
                <line number="72" hits="0" branch="True" condition-coverage="0% (0/4)">
                  <conditions>
                    <condition number="8" type="jump" coverage="0%" />
                    <condition number="25" type="jump" coverage="0%" />
                  </conditions>
                </line>
                <line number="73" hits="0" branch="False" />
                <line number="74" hits="0" branch="False" />
                <line number="75" hits="0" branch="False" />
                <line number="76" hits="0" branch="False" />
              </lines>
            </method>
            <method name="TryFindNextPossibleStartingPosition" signature="(System.ReadOnlySpan`1&lt;System.Char&gt;)" line-rate="0" branch-rate="0" complexity="4">
              <lines>
                <line number="82" hits="0" branch="False" />
                <line number="83" hits="0" branch="False" />
                <line number="86" hits="0" branch="True" condition-coverage="0% (0/2)">
                  <conditions>
                    <condition number="20" type="jump" coverage="0%" />
                  </conditions>
                </line>
                <line number="87" hits="0" branch="False" />
                <line number="89" hits="0" branch="True" condition-coverage="0% (0/2)">
                  <conditions>
                    <condition number="29" type="jump" coverage="0%" />
                  </conditions>
                </line>
                <line number="90" hits="0" branch="False" />
                <line number="91" hits="0" branch="False" />
                <line number="93" hits="0" branch="False" />
                <line number="96" hits="0" branch="False" />
                <line number="97" hits="0" branch="False" />
                <line number="98" hits="0" branch="False" />
              </lines>
            </method>
            <method name="TryMatchAtCurrentPosition" signature="(System.ReadOnlySpan`1&lt;System.Char&gt;)" line-rate="0" branch-rate="0" complexity="26">
              <lines>
                <line number="104" hits="0" branch="False" />
                <line number="105" hits="0" branch="False" />
                <line number="106" hits="0" branch="False" />
                <line number="107" hits="0" branch="False" />
                <line number="108" hits="0" branch="False" />
                <line number="109" hits="0" branch="False" />
                <line number="110" hits="0" branch="False" />
                <line number="111" hits="0" branch="False" />
                <line number="114" hits="0" branch="True" condition-coverage="0% (0/2)">
                  <conditions>
                    <condition number="41" type="jump" coverage="0%" />
                  </conditions>
                </line>
                <line number="115" hits="0" branch="False" />
                <line number="116" hits="0" branch="False" />
                <line number="117" hits="0" branch="False" />
                <line number="122" hits="0" branch="False" />
                <line number="124" hits="0" branch="False" />
                <line number="125" hits="0" branch="True" condition-coverage="0% (0/2)">
                  <conditions>
                    <condition number="85" type="jump" coverage="0%" />
                  </conditions>
                </line>
                <line number="126" hits="0" branch="False" />
                <line number="127" hits="0" branch="False" />
                <line number="128" hits="0" branch="False" />
                <line number="130" hits="0" branch="True" condition-coverage="0% (0/2)">
                  <conditions>
                    <condition number="107" type="jump" coverage="0%" />
                  </conditions>
                </line>
                <line number="131" hits="0" branch="False" />
                <line number="132" hits="0" branch="False" />
                <line number="133" hits="0" branch="False" />
                <line number="136" hits="0" branch="False" />
                <line number="137" hits="0" branch="False" />
                <line number="139" hits="0" branch="False" />
                <line number="140" hits="0" branch="False" />
                <line number="141" hits="0" branch="False" />
                <line number="143" hits="0" branch="False" />
                <line number="144" hits="0" branch="False" />
                <line number="146" hits="0" branch="True" condition-coverage="0% (0/2)">
                  <conditions>
                    <condition number="169" type="jump" coverage="0%" />
                  </conditions>
                </line>
                <line number="147" hits="0" branch="False" />
                <line number="148" hits="0" branch="False" />
                <line number="149" hits="0" branch="False" />
                <line number="151" hits="0" branch="True" condition-coverage="0% (0/2)">
                  <conditions>
                    <condition number="192" type="jump" coverage="0%" />
                  </conditions>
                </line>
                <line number="152" hits="0" branch="False" />
                <line number="153" hits="0" branch="False" />
                <line number="154" hits="0" branch="False" />
                <line number="156" hits="0" branch="False" />
                <line number="157" hits="0" branch="False" />
                <line number="159" hits="0" branch="False" />
                <line number="160" hits="0" branch="False" />
                <line number="165" hits="0" branch="False" />
                <line number="167" hits="0" branch="False" />
                <line number="168" hits="0" branch="False" />
                <line number="170" hits="0" branch="False" />
                <line number="173" hits="0" branch="False" />
                <line number="174" hits="0" branch="False" />
                <line number="177" hits="0" branch="True" condition-coverage="0% (0/4)">
                  <conditions>
                    <condition number="279" type="jump" coverage="0%" />
                    <condition number="309" type="jump" coverage="0%" />
                  </conditions>
                </line>
                <line number="178" hits="0" branch="False" />
                <line number="179" hits="0" branch="False" />
                <line number="183" hits="0" branch="False" />
                <line number="184" hits="0" branch="False" />
                <line number="185" hits="0" branch="True" condition-coverage="0% (0/2)">
                  <conditions>
                    <condition number="344" type="jump" coverage="0%" />
                  </conditions>
                </line>
                <line number="186" hits="0" branch="False" />
                <line number="187" hits="0" branch="False" />
                <line number="188" hits="0" branch="False" />
                <line number="190" hits="0" branch="True" condition-coverage="0% (0/2)">
                  <conditions>
                    <condition number="368" type="jump" coverage="0%" />
                  </conditions>
                </line>
                <line number="191" hits="0" branch="False" />
                <line number="192" hits="0" branch="False" />
                <line number="195" hits="0" branch="False" />
                <line number="196" hits="0" branch="False" />
                <line number="197" hits="0" branch="False" />
                <line number="199" hits="0" branch="False" />
                <line number="200" hits="0" branch="False" />
                <line number="201" hits="0" branch="False" />
                <line number="202" hits="0" branch="False" />
                <line number="206" hits="0" branch="False" />
                <line number="209" hits="0" branch="False" />
                <line number="210" hits="0" branch="True" condition-coverage="0% (0/2)">
                  <conditions>
                    <condition number="436" type="jump" coverage="0%" />
                  </conditions>
                </line>
                <line number="211" hits="0" branch="False" />
                <line number="213" hits="0" branch="False" />
                <line number="215" hits="0" branch="False" />
                <line number="216" hits="0" branch="False" />
                <line number="217" hits="0" branch="False" />
                <line number="218" hits="0" branch="False" />
                <line number="222" hits="0" branch="True" condition-coverage="0% (0/6)">
                  <conditions>
                    <condition number="502" type="jump" coverage="0%" />
                    <condition number="512" type="jump" coverage="0%" />
                    <condition number="540" type="jump" coverage="0%" />
                  </conditions>
                </line>
                <line number="223" hits="0" branch="False" />
                <line number="224" hits="0" branch="False" />
                <line number="228" hits="0" branch="False" />
                <line number="229" hits="0" branch="False" />
                <line number="230" hits="0" branch="False" />
                <line number="241" hits="0" branch="False" />
              </lines>
            </method>
            <method name="&lt;TryMatchAtCurrentPosition&gt;g__UncaptureUntil|2_0" signature="(System.Int32)" line-rate="0" branch-rate="0" complexity="2">
              <lines>
                <line number="235" hits="0" branch="False" />
                <line number="236" hits="0" branch="True" condition-coverage="0% (0/2)">
                  <conditions>
                    <condition number="23" type="jump" coverage="0%" />
                  </conditions>
                </line>
                <line number="237" hits="0" branch="False" />
                <line number="238" hits="0" branch="False" />
                <line number="239" hits="0" branch="False" />
                <line number="240" hits="0" branch="False" />
              </lines>
            </method>
          </methods>
          <lines>
            <line number="70" hits="0" branch="False" />
            <line number="72" hits="0" branch="True" condition-coverage="0% (0/4)">
              <conditions>
                <condition number="8" type="jump" coverage="0%" />
                <condition number="25" type="jump" coverage="0%" />
              </conditions>
            </line>
            <line number="73" hits="0" branch="False" />
            <line number="74" hits="0" branch="False" />
            <line number="75" hits="0" branch="False" />
            <line number="76" hits="0" branch="False" />
            <line number="82" hits="0" branch="False" />
            <line number="83" hits="0" branch="False" />
            <line number="86" hits="0" branch="True" condition-coverage="0% (0/2)">
              <conditions>
                <condition number="20" type="jump" coverage="0%" />
              </conditions>
            </line>
            <line number="87" hits="0" branch="False" />
            <line number="89" hits="0" branch="True" condition-coverage="0% (0/2)">
              <conditions>
                <condition number="29" type="jump" coverage="0%" />
              </conditions>
            </line>
            <line number="90" hits="0" branch="False" />
            <line number="91" hits="0" branch="False" />
            <line number="93" hits="0" branch="False" />
            <line number="96" hits="0" branch="False" />
            <line number="97" hits="0" branch="False" />
            <line number="98" hits="0" branch="False" />
            <line number="104" hits="0" branch="False" />
            <line number="105" hits="0" branch="False" />
            <line number="106" hits="0" branch="False" />
            <line number="107" hits="0" branch="False" />
            <line number="108" hits="0" branch="False" />
            <line number="109" hits="0" branch="False" />
            <line number="110" hits="0" branch="False" />
            <line number="111" hits="0" branch="False" />
            <line number="114" hits="0" branch="True" condition-coverage="0% (0/2)">
              <conditions>
                <condition number="41" type="jump" coverage="0%" />
              </conditions>
            </line>
            <line number="115" hits="0" branch="False" />
            <line number="116" hits="0" branch="False" />
            <line number="117" hits="0" branch="False" />
            <line number="122" hits="0" branch="False" />
            <line number="124" hits="0" branch="False" />
            <line number="125" hits="0" branch="True" condition-coverage="0% (0/2)">
              <conditions>
                <condition number="85" type="jump" coverage="0%" />
              </conditions>
            </line>
            <line number="126" hits="0" branch="False" />
            <line number="127" hits="0" branch="False" />
            <line number="128" hits="0" branch="False" />
            <line number="130" hits="0" branch="True" condition-coverage="0% (0/2)">
              <conditions>
                <condition number="107" type="jump" coverage="0%" />
              </conditions>
            </line>
            <line number="131" hits="0" branch="False" />
            <line number="132" hits="0" branch="False" />
            <line number="133" hits="0" branch="False" />
            <line number="136" hits="0" branch="False" />
            <line number="137" hits="0" branch="False" />
            <line number="139" hits="0" branch="False" />
            <line number="140" hits="0" branch="False" />
            <line number="141" hits="0" branch="False" />
            <line number="143" hits="0" branch="False" />
            <line number="144" hits="0" branch="False" />
            <line number="146" hits="0" branch="True" condition-coverage="0% (0/2)">
              <conditions>
                <condition number="169" type="jump" coverage="0%" />
              </conditions>
            </line>
            <line number="147" hits="0" branch="False" />
            <line number="148" hits="0" branch="False" />
            <line number="149" hits="0" branch="False" />
            <line number="151" hits="0" branch="True" condition-coverage="0% (0/2)">
              <conditions>
                <condition number="192" type="jump" coverage="0%" />
              </conditions>
            </line>
            <line number="152" hits="0" branch="False" />
            <line number="153" hits="0" branch="False" />
            <line number="154" hits="0" branch="False" />
            <line number="156" hits="0" branch="False" />
            <line number="157" hits="0" branch="False" />
            <line number="159" hits="0" branch="False" />
            <line number="160" hits="0" branch="False" />
            <line number="165" hits="0" branch="False" />
            <line number="167" hits="0" branch="False" />
            <line number="168" hits="0" branch="False" />
            <line number="170" hits="0" branch="False" />
            <line number="173" hits="0" branch="False" />
            <line number="174" hits="0" branch="False" />
            <line number="177" hits="0" branch="True" condition-coverage="0% (0/4)">
              <conditions>
                <condition number="279" type="jump" coverage="0%" />
                <condition number="309" type="jump" coverage="0%" />
              </conditions>
            </line>
            <line number="178" hits="0" branch="False" />
            <line number="179" hits="0" branch="False" />
            <line number="183" hits="0" branch="False" />
            <line number="184" hits="0" branch="False" />
            <line number="185" hits="0" branch="True" condition-coverage="0% (0/2)">
              <conditions>
                <condition number="344" type="jump" coverage="0%" />
              </conditions>
            </line>
            <line number="186" hits="0" branch="False" />
            <line number="187" hits="0" branch="False" />
            <line number="188" hits="0" branch="False" />
            <line number="190" hits="0" branch="True" condition-coverage="0% (0/2)">
              <conditions>
                <condition number="368" type="jump" coverage="0%" />
              </conditions>
            </line>
            <line number="191" hits="0" branch="False" />
            <line number="192" hits="0" branch="False" />
            <line number="195" hits="0" branch="False" />
            <line number="196" hits="0" branch="False" />
            <line number="197" hits="0" branch="False" />
            <line number="199" hits="0" branch="False" />
            <line number="200" hits="0" branch="False" />
            <line number="201" hits="0" branch="False" />
            <line number="202" hits="0" branch="False" />
            <line number="206" hits="0" branch="False" />
            <line number="209" hits="0" branch="False" />
            <line number="210" hits="0" branch="True" condition-coverage="0% (0/2)">
              <conditions>
                <condition number="436" type="jump" coverage="0%" />
              </conditions>
            </line>
            <line number="211" hits="0" branch="False" />
            <line number="213" hits="0" branch="False" />
            <line number="215" hits="0" branch="False" />
            <line number="216" hits="0" branch="False" />
            <line number="217" hits="0" branch="False" />
            <line number="218" hits="0" branch="False" />
            <line number="222" hits="0" branch="True" condition-coverage="0% (0/6)">
              <conditions>
                <condition number="502" type="jump" coverage="0%" />
                <condition number="512" type="jump" coverage="0%" />
                <condition number="540" type="jump" coverage="0%" />
              </conditions>
            </line>
            <line number="223" hits="0" branch="False" />
            <line number="224" hits="0" branch="False" />
            <line number="228" hits="0" branch="False" />
            <line number="229" hits="0" branch="False" />
            <line number="230" hits="0" branch="False" />
            <line number="241" hits="0" branch="False" />
            <line number="235" hits="0" branch="False" />
            <line number="236" hits="0" branch="True" condition-coverage="0% (0/2)">
              <conditions>
                <condition number="23" type="jump" coverage="0%" />
              </conditions>
            </line>
            <line number="237" hits="0" branch="False" />
            <line number="238" hits="0" branch="False" />
            <line number="239" hits="0" branch="False" />
            <line number="240" hits="0" branch="False" />
          </lines>
        </class>
        <class name="System.Text.RegularExpressions.Generated.&lt;RegexGenerator_g&gt;F2DCF832548F7187EF7DB80B49D7B65C79B11DBDE9AF5EA51BF3D907FCC46DA27__Utilities" filename="Foundry.Domain\obj\Debug\net10.0\System.Text.RegularExpressions.Generator\System.Text.RegularExpressions.Generator.RegexGenerator\RegexGenerator.g.cs" line-rate="0" branch-rate="0" complexity="5">
          <methods>
            <method name="StackPush" signature="(System.Int32[]&amp;,System.Int32&amp;,System.Int32,System.Int32)" line-rate="0" branch-rate="0" complexity="2">
              <lines>
                <line number="260" hits="0" branch="False" />
                <line number="262" hits="0" branch="False" />
                <line number="263" hits="0" branch="False" />
                <line number="264" hits="0" branch="True" condition-coverage="0% (0/2)">
                  <conditions>
                    <condition number="17" type="jump" coverage="0%" />
                  </conditions>
                </line>
                <line number="265" hits="0" branch="False" />
                <line number="266" hits="0" branch="False" />
                <line number="267" hits="0" branch="False" />
                <line number="268" hits="0" branch="False" />
                <line number="269" hits="0" branch="False" />
                <line number="273" hits="0" branch="False" />
                <line number="282" hits="0" branch="False" />
              </lines>
            </method>
            <method name="&lt;StackPush&gt;g__WithResize|2_0" signature="(System.Int32[]&amp;,System.Int32&amp;,System.Int32,System.Int32)" line-rate="0" branch-rate="1" complexity="1">
              <lines>
                <line number="278" hits="0" branch="False" />
                <line number="279" hits="0" branch="False" />
                <line number="280" hits="0" branch="False" />
                <line number="281" hits="0" branch="False" />
              </lines>
            </method>
            <method name=".cctor" signature="()" line-rate="0" branch-rate="0" complexity="2">
              <lines>
                <line number="252" hits="0" branch="True" condition-coverage="0% (0/2)">
                  <conditions>
                    <condition number="17" type="jump" coverage="0%" />
                  </conditions>
                </line>
                <line number="255" hits="0" branch="False" />
                <line number="285" hits="0" branch="False" />
              </lines>
            </method>
          </methods>
          <lines>
            <line number="260" hits="0" branch="False" />
            <line number="262" hits="0" branch="False" />
            <line number="263" hits="0" branch="False" />
            <line number="264" hits="0" branch="True" condition-coverage="0% (0/2)">
              <conditions>
                <condition number="17" type="jump" coverage="0%" />
              </conditions>
            </line>
            <line number="265" hits="0" branch="False" />
            <line number="266" hits="0" branch="False" />
            <line number="267" hits="0" branch="False" />
            <line number="268" hits="0" branch="False" />
            <line number="269" hits="0" branch="False" />
            <line number="273" hits="0" branch="False" />
            <line number="282" hits="0" branch="False" />
            <line number="278" hits="0" branch="False" />
            <line number="279" hits="0" branch="False" />
            <line number="280" hits="0" branch="False" />
            <line number="281" hits="0" branch="False" />
            <line number="252" hits="0" branch="True" condition-coverage="0% (0/2)">
              <conditions>
                <condition number="17" type="jump" coverage="0%" />
              </conditions>
            </line>
            <line number="255" hits="0" branch="False" />
            <line number="285" hits="0" branch="False" />
          </lines>
        </class>
        <class name="Foundry.Domain.DiagnosticPolicy" filename="Foundry.Domain\obj\Debug\net10.0\System.Text.RegularExpressions.Generator\System.Text.RegularExpressions.Generator.RegexGenerator\RegexGenerator.g.cs" line-rate="0" branch-rate="1" complexity="1">
          <methods>
            <method name="IdentifierPattern" signature="()" line-rate="0" branch-rate="1" complexity="1">
              <lines>
                <line number="24" hits="0" branch="False" />
              </lines>
            </method>
          </methods>
          <lines>
            <line number="24" hits="0" branch="False" />
          </lines>
        </class>
        <class name="Foundry.Domain.ArtifactDocument" filename="Foundry.Domain\ArtifactDocument.cs" line-rate="0.5" branch-rate="1" complexity="2">
          <methods>
            <method name="get_Nodes" signature="()" line-rate="1" branch-rate="1" complexity="1">
              <lines>
                <line number="10" hits="245" branch="False" />
              </lines>
            </method>
            <method name="get_Empty" signature="()" line-rate="0" branch-rate="1" complexity="1">
              <lines>
                <line number="12" hits="0" branch="False" />
              </lines>
            </method>
          </methods>
          <lines>
            <line number="10" hits="245" branch="False" />
            <line number="12" hits="0" branch="False" />
          </lines>
        </class>
        <class name="Foundry.Domain.Heading" filename="Foundry.Domain\ArtifactDocument.cs" line-rate="1" branch-rate="1" complexity="1">
          <methods>
            <method name="get_Level" signature="()" line-rate="1" branch-rate="1" complexity="1">
              <lines>
                <line number="33" hits="14" branch="False" />
              </lines>
            </method>
          </methods>
          <lines>
            <line number="33" hits="14" branch="False" />
          </lines>
        </class>
        <class name="Foundry.Domain.Paragraph" filename="Foundry.Domain\ArtifactDocument.cs" line-rate="1" branch-rate="1" complexity="1">
          <methods>
            <method name="get_Text" signature="()" line-rate="1" branch-rate="1" complexity="1">
              <lines>
                <line number="35" hits="16" branch="False" />
              </lines>
            </method>
          </methods>
          <lines>
            <line number="35" hits="16" branch="False" />
          </lines>
        </class>
        <class name="Foundry.Domain.OrderedSteps" filename="Foundry.Domain\ArtifactDocument.cs" line-rate="1" branch-rate="1" complexity="1">
          <methods>
            <method name="get_Steps" signature="()" line-rate="1" branch-rate="1" complexity="1">
              <lines>
                <line number="38" hits="2" branch="False" />
              </lines>
            </method>
          </methods>
          <lines>
            <line number="38" hits="2" branch="False" />
          </lines>
        </class>
        <class name="Foundry.Domain.StepRow" filename="Foundry.Domain\ArtifactDocument.cs" line-rate="1" branch-rate="1" complexity="6">
          <methods>
            <method name="get_Text" signature="()" line-rate="1" branch-rate="1" complexity="1">
              <lines>
                <line number="47" hits="11" branch="False" />
              </lines>
            </method>
            <method name="get_Symbol" signature="()" line-rate="1" branch-rate="1" complexity="1">
              <lines>
                <line number="48" hits="11" branch="False" />
              </lines>
            </method>
            <method name="get_TargetText" signature="()" line-rate="1" branch-rate="1" complexity="1">
              <lines>
                <line number="49" hits="11" branch="False" />
              </lines>
            </method>
            <method name="get_SourceLocale" signature="()" line-rate="1" branch-rate="1" complexity="1">
              <lines>
                <line number="50" hits="11" branch="False" />
              </lines>
            </method>
            <method name="get_TargetLocale" signature="()" line-rate="1" branch-rate="1" complexity="1">
              <lines>
                <line number="51" hits="11" branch="False" />
              </lines>
            </method>
            <method name=".ctor" signature="(System.String,Foundry.Domain.ImageReference,System.String,System.String,System.String)" line-rate="1" branch-rate="1" complexity="1">
              <lines>
                <line number="46" hits="9" branch="False" />
              </lines>
            </method>
          </methods>
          <lines>
            <line number="47" hits="11" branch="False" />
            <line number="48" hits="11" branch="False" />
            <line number="49" hits="11" branch="False" />
            <line number="50" hits="11" branch="False" />
            <line number="51" hits="11" branch="False" />
            <line number="46" hits="9" branch="False" />
          </lines>
        </class>
        <class name="Foundry.Domain.UnorderedList" filename="Foundry.Domain\ArtifactDocument.cs" line-rate="0" branch-rate="1" complexity="1">
          <methods>
            <method name="get_Items" signature="()" line-rate="0" branch-rate="1" complexity="1">
              <lines>
                <line number="56" hits="0" branch="False" />
              </lines>
            </method>
          </methods>
          <lines>
            <line number="56" hits="0" branch="False" />
          </lines>
        </class>
        <class name="Foundry.Domain.TableNode" filename="Foundry.Domain\ArtifactDocument.cs" line-rate="1" branch-rate="1" complexity="1">
          <methods>
            <method name="get_HeaderRow" signature="()" line-rate="1" branch-rate="1" complexity="1">
              <lines>
                <line number="58" hits="4" branch="False" />
              </lines>
            </method>
          </methods>
          <lines>
            <line number="58" hits="4" branch="False" />
          </lines>
        </class>
        <class name="Foundry.Domain.Card" filename="Foundry.Domain\ArtifactDocument.cs" line-rate="0" branch-rate="1" complexity="1">
          <methods>
            <method name="get_Title" signature="()" line-rate="0" branch-rate="1" complexity="1">
              <lines>
                <line number="60" hits="0" branch="False" />
              </lines>
            </method>
          </methods>
          <lines>
            <line number="60" hits="0" branch="False" />
          </lines>
        </class>
        <class name="Foundry.Domain.ImageReference" filename="Foundry.Domain\ArtifactDocument.cs" line-rate="1" branch-rate="1" complexity="1">
          <methods>
            <method name="get_Asset" signature="()" line-rate="1" branch-rate="1" complexity="1">
              <lines>
                <line number="63" hits="6" branch="False" />
              </lines>
            </method>
          </methods>
          <lines>
            <line number="63" hits="6" branch="False" />
          </lines>
        </class>
        <class name="Foundry.Domain.BilingualPair" filename="Foundry.Domain\ArtifactDocument.cs" line-rate="1" branch-rate="1" complexity="1">
          <methods>
            <method name="get_SourceText" signature="()" line-rate="1" branch-rate="1" complexity="1">
              <lines>
                <line number="66" hits="30" branch="False" />
              </lines>
            </method>
          </methods>
          <lines>
            <line number="66" hits="30" branch="False" />
          </lines>
        </class>
        <class name="Foundry.Domain.ChoiceSet" filename="Foundry.Domain\ArtifactDocument.cs" line-rate="0" branch-rate="1" complexity="1">
          <methods>
            <method name="get_Options" signature="()" line-rate="0" branch-rate="1" complexity="1">
              <lines>
                <line number="69" hits="0" branch="False" />
              </lines>
            </method>
          </methods>
          <lines>
            <line number="69" hits="0" branch="False" />
          </lines>
        </class>
        <class name="Foundry.Domain.EvidenceLink" filename="Foundry.Domain\ArtifactDocument.cs" line-rate="1" branch-rate="1" complexity="1">
          <methods>
            <method name="get_Claim" signature="()" line-rate="1" branch-rate="1" complexity="1">
              <lines>
                <line number="72" hits="4" branch="False" />
              </lines>
            </method>
          </methods>
          <lines>
            <line number="72" hits="4" branch="False" />
          </lines>
        </class>
        <class name="Foundry.Domain.Citation" filename="Foundry.Domain\ArtifactDocument.cs" line-rate="0" branch-rate="1" complexity="1">
          <methods>
            <method name="get_Text" signature="()" line-rate="0" branch-rate="1" complexity="1">
              <lines>
                <line number="74" hits="0" branch="False" />
              </lines>
            </method>
          </methods>
          <lines>
            <line number="74" hits="0" branch="False" />
          </lines>
        </class>
        <class name="Foundry.Domain.TeacherOnlyNotice" filename="Foundry.Domain\ArtifactDocument.cs" line-rate="1" branch-rate="1" complexity="1">
          <methods>
            <method name="get_Text" signature="()" line-rate="1" branch-rate="1" complexity="1">
              <lines>
                <line number="77" hits="2" branch="False" />
              </lines>
            </method>
          </methods>
          <lines>
            <line number="77" hits="2" branch="False" />
          </lines>
        </class>
        <class name="Foundry.Domain.AssetId" filename="Foundry.Domain\ArtifactDocument.cs" line-rate="1" branch-rate="1" complexity="1">
          <methods>
            <method name="get_Value" signature="()" line-rate="1" branch-rate="1" complexity="1">
              <lines>
                <line number="80" hits="2" branch="False" />
              </lines>
            </method>
          </methods>
          <lines>
            <line number="80" hits="2" branch="False" />
          </lines>
        </class>
        <class name="Foundry.Domain.ArtifactId" filename="Foundry.Domain\Artifacts.cs" line-rate="0.5" branch-rate="1" complexity="2">
          <methods>
            <method name="get_Value" signature="()" line-rate="0" branch-rate="1" complexity="1">
              <lines>
                <line number="4" hits="0" branch="False" />
              </lines>
            </method>
            <method name="NewId" signature="()" line-rate="1" branch-rate="1" complexity="1">
              <lines>
                <line number="6" hits="25" branch="False" />
              </lines>
            </method>
          </methods>
          <lines>
            <line number="4" hits="0" branch="False" />
            <line number="6" hits="25" branch="False" />
          </lines>
        </class>
        <class name="Foundry.Domain.ArtifactRevision" filename="Foundry.Domain\Artifacts.cs" line-rate="1" branch-rate="1" complexity="1">
          <methods>
            <method name="get_Id" signature="()" line-rate="1" branch-rate="1" complexity="1">
              <lines>
                <line number="10" hits="99" branch="False" />
              </lines>
            </method>
          </methods>
          <lines>
            <line number="10" hits="99" branch="False" />
          </lines>
        </class>
        <class name="Foundry.Domain.DraftArtifact" filename="Foundry.Domain\Artifacts.cs" line-rate="0.6666" branch-rate="1" complexity="3">
          <methods>
            <method name="get_Revision" signature="()" line-rate="1" branch-rate="1" complexity="1">
              <lines>
                <line number="15" hits="100" branch="False" />
              </lines>
            </method>
            <method name="New" signature="(Foundry.Domain.ArtifactDocument,Foundry.Domain.DataLane)" line-rate="1" branch-rate="1" complexity="1">
              <lines>
                <line number="18" hits="25" branch="False" />
              </lines>
            </method>
            <method name="WithEditedDocument" signature="(Foundry.Domain.ArtifactDocument)" line-rate="0" branch-rate="1" complexity="1">
              <lines>
                <line number="22" hits="0" branch="False" />
              </lines>
            </method>
          </methods>
          <lines>
            <line number="15" hits="100" branch="False" />
            <line number="18" hits="25" branch="False" />
            <line number="22" hits="0" branch="False" />
          </lines>
        </class>
        <class name="Foundry.Domain.ApprovalReceipt" filename="Foundry.Domain\Artifacts.cs" line-rate="1" branch-rate="1" complexity="1">
          <methods>
            <method name="get_ArtifactId" signature="()" line-rate="1" branch-rate="1" complexity="1">
              <lines>
                <line number="26" hits="28" branch="False" />
              </lines>
            </method>
          </methods>
          <lines>
            <line number="26" hits="28" branch="False" />
          </lines>
        </class>
        <class name="Foundry.Domain.ApprovedArtifact" filename="Foundry.Domain\Artifacts.cs" line-rate="0.875" branch-rate="1" complexity="4">
          <methods>
            <method name="get_Revision" signature="()" line-rate="1" branch-rate="1" complexity="1">
              <lines>
                <line number="40" hits="24" branch="False" />
              </lines>
            </method>
            <method name="get_Receipt" signature="()" line-rate="1" branch-rate="1" complexity="1">
              <lines>
                <line number="42" hits="3" branch="False" />
              </lines>
            </method>
            <method name="Edit" signature="(Foundry.Domain.ArtifactDocument)" line-rate="0" branch-rate="1" complexity="1">
              <lines>
                <line number="49" hits="0" branch="False" />
              </lines>
            </method>
            <method name=".ctor" signature="(Foundry.Domain.ArtifactRevision,Foundry.Domain.ApprovalReceipt)" line-rate="1" branch-rate="1" complexity="1">
              <lines>
                <line number="34" hits="25" branch="False" />
                <line number="35" hits="25" branch="False" />
                <line number="36" hits="25" branch="False" />
                <line number="37" hits="25" branch="False" />
                <line number="38" hits="25" branch="False" />
              </lines>
            </method>
          </methods>
          <lines>
            <line number="40" hits="24" branch="False" />
            <line number="42" hits="3" branch="False" />
            <line number="49" hits="0" branch="False" />
            <line number="34" hits="25" branch="False" />
            <line number="35" hits="25" branch="False" />
            <line number="36" hits="25" branch="False" />
            <line number="37" hits="25" branch="False" />
            <line number="38" hits="25" branch="False" />
          </lines>
        </class>
        <class name="Foundry.Domain.ApprovalGate" filename="Foundry.Domain\Artifacts.cs" line-rate="0.7272" branch-rate="0.5" complexity="2">
          <methods>
            <method name="Approve" signature="(Foundry.Domain.DraftArtifact,System.String,System.Collections.Generic.IReadOnlyList`1&lt;Foundry.Domain.ValidationIssue&gt;,System.DateTimeOffset)" line-rate="0.7272" branch-rate="0.5" complexity="2">
              <lines>
                <line number="63" hits="25" branch="False" />
                <line number="64" hits="25" branch="False" />
                <line number="65" hits="25" branch="False" />
                <line number="66" hits="25" branch="False" />
                <line number="68" hits="25" branch="True" condition-coverage="50% (1/2)">
                  <conditions>
                    <condition number="45" type="jump" coverage="50%" />
                  </conditions>
                </line>
                <line number="69" hits="0" branch="False" />
                <line number="70" hits="0" branch="False" />
                <line number="71" hits="0" branch="False" />
                <line number="74" hits="25" branch="False" />
                <line number="75" hits="25" branch="False" />
                <line number="76" hits="25" branch="False" />
              </lines>
            </method>
          </methods>
          <lines>
            <line number="63" hits="25" branch="False" />
            <line number="64" hits="25" branch="False" />
            <line number="65" hits="25" branch="False" />
            <line number="66" hits="25" branch="False" />
            <line number="68" hits="25" branch="True" condition-coverage="50% (1/2)">
              <conditions>
                <condition number="45" type="jump" coverage="50%" />
              </conditions>
            </line>
            <line number="69" hits="0" branch="False" />
            <line number="70" hits="0" branch="False" />
            <line number="71" hits="0" branch="False" />
            <line number="74" hits="25" branch="False" />
            <line number="75" hits="25" branch="False" />
            <line number="76" hits="25" branch="False" />
          </lines>
        </class>
        <class name="Foundry.Domain.LanePolicy" filename="Foundry.Domain\DataLane.cs" line-rate="0" branch-rate="0" complexity="5">
          <methods>
            <method name="get_DefaultForUnknown" signature="()" line-rate="0" branch-rate="1" complexity="1">
              <lines>
                <line number="19" hits="0" branch="False" />
              </lines>
            </method>
            <method name="Inherit" signature="(Foundry.Domain.DataLane,Foundry.Domain.DataLane)" line-rate="0" branch-rate="1" complexity="1">
              <lines>
                <line number="23" hits="0" branch="False" />
              </lines>
            </method>
[...]
            <line number="86" hits="34" branch="True" condition-coverage="100% (4/4)">
              <conditions>
                <condition number="358" type="jump" coverage="100%" />
                <condition number="367" type="jump" coverage="100%" />
              </conditions>
            </line>
            <line number="89" hits="7" branch="False" />
            <line number="90" hits="18" branch="True" condition-coverage="100% (4/4)">
              <conditions>
                <condition number="391" type="jump" coverage="100%" />
                <condition number="425" type="jump" coverage="100%" />
              </conditions>
            </line>
            <line number="91" hits="11" branch="False" />
            <line number="92" hits="11" branch="False" />
            <line number="93" hits="11" branch="False" />
            <line number="94" hits="11" branch="False" />
            <line number="96" hits="7" branch="False" />
            <line number="97" hits="7" branch="False" />
            <line number="100" hits="1" branch="False" />
            <line number="101" hits="1" branch="False" />
            <line number="102" hits="1" branch="False" />
            <line number="105" hits="26" branch="False" />
            <line number="106" hits="26" branch="False" />
            <line number="107" hits="26" branch="False" />
            <line number="111" hits="22" branch="True" condition-coverage="100% (2/2)">
              <conditions>
                <condition number="547" type="jump" coverage="100%" />
              </conditions>
            </line>
            <line number="112" hits="1" branch="False" />
            <line number="113" hits="1" branch="False" />
            <line number="114" hits="1" branch="False" />
            <line number="115" hits="1" branch="False" />
            <line number="116" hits="1" branch="False" />
            <line number="117" hits="1" branch="False" />
            <line number="118" hits="1" branch="False" />
            <line number="119" hits="1" branch="False" />
            <line number="120" hits="1" branch="False" />
            <line number="122" hits="22" branch="False" />
            <line number="123" hits="22" branch="False" />
            <line number="124" hits="22" branch="False" />
            <line number="127" hits="7" branch="False" />
            <line number="128" hits="7" branch="False" />
            <line number="129" hits="7" branch="True" condition-coverage="100% (2/2)">
              <conditions>
                <condition number="20" type="jump" coverage="100%" />
              </conditions>
            </line>
            <line number="130" hits="1" branch="False" />
            <line number="131" hits="1" branch="False" />
            <line number="132" hits="1" branch="False" />
            <line number="134" hits="7" branch="False" />
            <line number="136" hits="43" branch="True" condition-coverage="100% (2/2)">
              <conditions>
                <condition number="223" type="jump" coverage="100%" />
              </conditions>
            </line>
            <line number="137" hits="11" branch="False" />
            <line number="138" hits="11" branch="False" />
            <line number="139" hits="11" branch="True" condition-coverage="100% (2/2)">
              <conditions>
                <condition number="111" type="jump" coverage="100%" />
              </conditions>
            </line>
            <line number="140" hits="1" branch="False" />
            <line number="141" hits="1" branch="False" />
            <line number="142" hits="1" branch="False" />
            <line number="143" hits="1" branch="False" />
            <line number="144" hits="1" branch="False" />
            <line number="146" hits="11" branch="False" />
            <line number="147" hits="11" branch="False" />
            <line number="148" hits="11" branch="False" />
            <line number="149" hits="11" branch="False" />
            <line number="151" hits="7" branch="False" />
            <line number="152" hits="7" branch="False" />
            <line number="155" hits="11" branch="False" />
            <line number="176" hits="11" branch="True" condition-coverage="100% (2/2)">
              <conditions>
                <condition number="27" type="jump" coverage="100%" />
              </conditions>
            </line>
            <line number="177" hits="1" branch="False" />
            <line number="178" hits="1" branch="False" />
            <line number="179" hits="1" branch="False" />
            <line number="180" hits="1" branch="False" />
            <line number="182" hits="10" branch="False" />
            <line number="183" hits="10" branch="False" />
            <line number="184" hits="10" branch="False" />
            <line number="185" hits="10" branch="False" />
            <line number="186" hits="11" branch="False" />
            <line number="189" hits="26" branch="False" />
            <line number="190" hits="26" branch="False" />
            <line number="191" hits="26" branch="True" condition-coverage="80.76% (21/26)">
              <conditions>
                <condition number="26" type="jump" coverage="100%" />
                <condition number="42" type="jump" coverage="100%" />
                <condition number="58" type="jump" coverage="100%" />
                <condition number="74" type="jump" coverage="50%" />
                <condition number="90" type="jump" coverage="100%" />
                <condition number="106" type="jump" coverage="50%" />
                <condition number="122" type="jump" coverage="100%" />
                <condition number="138" type="jump" coverage="100%" />
                <condition number="154" type="jump" coverage="50%" />
                <condition number="170" type="jump" coverage="100%" />
                <condition number="186" type="jump" coverage="50%" />
                <condition number="202" type="jump" coverage="100%" />
                <condition number="218" type="jump" coverage="50%" />
              </conditions>
            </line>
            <line number="194" hits="3" branch="False" />
            <line number="195" hits="3" branch="False" />
            <line number="196" hits="3" branch="False" />
            <line number="197" hits="3" branch="False" />
            <line number="200" hits="8" branch="False" />
            <line number="201" hits="8" branch="False" />
            <line number="204" hits="1" branch="False" />
            <line number="205" hits="7" branch="True" condition-coverage="100% (2/2)">
              <conditions>
                <condition number="444" type="jump" coverage="100%" />
              </conditions>
            </line>
            <line number="206" hits="2" branch="False" />
            <line number="207" hits="2" branch="False" />
            <line number="208" hits="2" branch="False" />
            <line number="210" hits="1" branch="False" />
            <line number="211" hits="1" branch="False" />
            <line number="214" hits="0" branch="False" />
            <line number="215" hits="0" branch="True" condition-coverage="0% (0/2)">
              <conditions>
                <condition number="561" type="jump" coverage="0%" />
              </conditions>
            </line>
            <line number="216" hits="0" branch="False" />
            <line number="217" hits="0" branch="False" />
            <line number="218" hits="0" branch="False" />
            <line number="220" hits="0" branch="False" />
            <line number="221" hits="0" branch="False" />
            <line number="224" hits="1" branch="False" />
            <line number="225" hits="1" branch="True" condition-coverage="100% (2/2)">
              <conditions>
                <condition number="626" type="jump" coverage="100%" />
              </conditions>
            </line>
            <line number="226" hits="1" branch="False" />
            <line number="227" hits="1" branch="False" />
            <line number="228" hits="7" branch="True" condition-coverage="100% (2/2)">
              <conditions>
                <condition number="710" type="jump" coverage="100%" />
              </conditions>
            </line>
            <line number="229" hits="2" branch="False" />
            <line number="230" hits="2" branch="False" />
            <line number="231" hits="2" branch="False" />
            <line number="233" hits="1" branch="False" />
            <line number="234" hits="1" branch="False" />
            <line number="236" hits="1" branch="False" />
            <line number="237" hits="7" branch="True" condition-coverage="100% (2/2)">
              <conditions>
                <condition number="892" type="jump" coverage="100%" />
              </conditions>
            </line>
            <line number="238" hits="2" branch="False" />
            <line number="239" hits="2" branch="False" />
            <line number="240" hits="14" branch="True" condition-coverage="100% (2/2)">
              <conditions>
                <condition number="855" type="jump" coverage="100%" />
              </conditions>
            </line>
            <line number="241" hits="4" branch="False" />
            <line number="242" hits="4" branch="False" />
            <line number="243" hits="4" branch="False" />
            <line number="245" hits="2" branch="False" />
            <line number="246" hits="2" branch="False" />
            <line number="248" hits="1" branch="False" />
            <line number="249" hits="1" branch="False" />
            <line number="254" hits="0" branch="False" />
            <line number="255" hits="0" branch="True" condition-coverage="0% (0/2)">
              <conditions>
                <condition number="986" type="jump" coverage="0%" />
              </conditions>
            </line>
            <line number="256" hits="0" branch="False" />
            <line number="257" hits="0" branch="False" />
            <line number="258" hits="0" branch="False" />
            <line number="260" hits="0" branch="False" />
            <line number="261" hits="0" branch="False" />
            <line number="266" hits="1" branch="False" />
            <line number="267" hits="1" branch="False" />
            <line number="268" hits="1" branch="False" />
            <line number="269" hits="1" branch="False" />
            <line number="272" hits="6" branch="True" condition-coverage="50% (1/2)">
              <conditions>
                <condition number="1136" type="jump" coverage="50%" />
              </conditions>
            </line>
            <line number="273" hits="6" branch="False" />
            <line number="274" hits="6" branch="False" />
            <line number="276" hits="6" branch="False" />
            <line number="277" hits="6" branch="False" />
            <line number="278" hits="6" branch="False" />
            <line number="279" hits="6" branch="False" />
            <line number="280" hits="6" branch="False" />
            <line number="281" hits="6" branch="False" />
            <line number="284" hits="0" branch="False" />
            <line number="285" hits="0" branch="True" condition-coverage="0% (0/2)">
              <conditions>
                <condition number="1419" type="jump" coverage="0%" />
              </conditions>
            </line>
            <line number="286" hits="0" branch="False" />
            <line number="287" hits="0" branch="False" />
            <line number="288" hits="0" branch="False" />
            <line number="290" hits="0" branch="False" />
            <line number="291" hits="0" branch="False" />
            <line number="294" hits="2" branch="False" />
            <line number="295" hits="2" branch="True" condition-coverage="100% (2/2)">
              <conditions>
                <condition number="1492" type="jump" coverage="100%" />
              </conditions>
            </line>
            <line number="296" hits="1" branch="False" />
            <line number="297" hits="1" branch="False" />
            <line number="298" hits="1" branch="False" />
            <line number="300" hits="2" branch="False" />
            <line number="301" hits="2" branch="False" />
            <line number="304" hits="0" branch="False" />
            <line number="305" hits="0" branch="False" />
            <line number="308" hits="2" branch="True" condition-coverage="100% (2/2)">
              <conditions>
                <condition number="1608" type="jump" coverage="100%" />
              </conditions>
            </line>
            <line number="309" hits="1" branch="False" />
            <line number="310" hits="1" branch="False" />
            <line number="311" hits="1" branch="False" />
            <line number="313" hits="2" branch="False" />
            <line number="316" hits="2" branch="False" />
            <line number="317" hits="2" branch="False" />
            <line number="318" hits="2" branch="False" />
            <line number="319" hits="2" branch="False" />
            <line number="320" hits="2" branch="False" />
            <line number="321" hits="2" branch="False" />
            <line number="324" hits="0" branch="False" />
            <line number="326" hits="26" branch="False" />
            <line number="328" hits="77" branch="False" />
            <line number="330" hits="43" branch="False" />
            <line number="334" hits="3" branch="False" />
            <line number="335" hits="3" branch="False" />
            <line number="336" hits="3" branch="False" />
            <line number="337" hits="3" branch="False" />
            <line number="338" hits="3" branch="False" />
            <line number="339" hits="3" branch="False" />
            <line number="341" hits="3" branch="True" condition-coverage="100% (2/2)">
              <conditions>
                <condition number="123" type="jump" coverage="100%" />
              </conditions>
            </line>
            <line number="342" hits="1" branch="False" />
            <line number="343" hits="1" branch="False" />
            <line number="344" hits="1" branch="False" />
            <line number="346" hits="3" branch="False" />
            <line number="348" hits="33" branch="True" condition-coverage="100% (2/2)">
              <conditions>
                <condition number="1060" type="jump" coverage="100%" />
              </conditions>
            </line>
            <line number="349" hits="12" branch="False" />
            <line number="350" hits="12" branch="True" condition-coverage="87.5% (7/8)">
              <conditions>
                <condition number="218" type="jump" coverage="100%" />
                <condition number="231" type="jump" coverage="100%" />
                <condition number="247" type="jump" coverage="100%" />
                <condition number="263" type="jump" coverage="50%" />
              </conditions>
            </line>
            <line number="353" hits="3" branch="False" />
            <line number="354" hits="3" branch="False" />
            <line number="355" hits="3" branch="False" />
            <line number="356" hits="3" branch="False" />
            <line number="357" hits="3" branch="True" condition-coverage="50% (1/2)">
              <conditions>
                <condition number="433" type="jump" coverage="50%" />
              </conditions>
            </line>
            <line number="358" hits="0" branch="False" />
            <line number="359" hits="0" branch="False" />
            <line number="360" hits="0" branch="False" />
            <line number="362" hits="3" branch="False" />
            <line number="363" hits="3" branch="False" />
            <line number="365" hits="3" branch="True" condition-coverage="50% (1/2)">
              <conditions>
                <condition number="567" type="jump" coverage="50%" />
              </conditions>
            </line>
            <line number="366" hits="3" branch="False" />
            <line number="367" hits="3" branch="False" />
            <line number="368" hits="3" branch="False" />
            <line number="369" hits="3" branch="False" />
            <line number="371" hits="3" branch="True" condition-coverage="50% (1/2)">
              <conditions>
                <condition number="757" type="jump" coverage="50%" />
              </conditions>
            </line>
            <line number="372" hits="3" branch="False" />
            <line number="373" hits="3" branch="False" />
            <line number="374" hits="3" branch="False" />
            <line number="375" hits="3" branch="False" />
            <line number="377" hits="3" branch="False" />
            <line number="378" hits="3" branch="False" />
            <line number="379" hits="3" branch="False" />
            <line number="380" hits="3" branch="True" condition-coverage="50% (2/4)">
              <conditions>
                <condition number="930" type="jump" coverage="50%" />
                <condition number="937" type="jump" coverage="50%" />
              </conditions>
            </line>
            <line number="381" hits="3" branch="False" />
            <line number="382" hits="3" branch="False" />
            <line number="384" hits="0" branch="False" />
            <line number="386" hits="12" branch="False" />
            <line number="388" hits="3" branch="False" />
            <line number="389" hits="3" branch="False" />
            <line number="390" hits="3" branch="False" />
            <line number="393" hits="64" branch="False" />
            <line number="396" hits="22" branch="False" />
            <line number="397" hits="22" branch="True" condition-coverage="100% (2/2)">
              <conditions>
                <condition number="9" type="jump" coverage="100%" />
              </conditions>
            </line>
            <line number="398" hits="16" branch="False" />
            <line number="399" hits="16" branch="False" />
            <line number="402" hits="6" branch="False" />
            <line number="403" hits="6" branch="True" condition-coverage="100% (8/8)">
              <conditions>
                <condition number="44" type="jump" coverage="100%" />
                <condition number="57" type="jump" coverage="100%" />
                <condition number="70" type="jump" coverage="100%" />
                <condition number="83" type="jump" coverage="100%" />
              </conditions>
            </line>
            <line number="404" hits="22" branch="False" />
            <line number="157" hits="11" branch="False" />
            <line number="158" hits="11" branch="True" condition-coverage="100% (2/2)">
              <conditions>
                <condition number="19" type="jump" coverage="100%" />
              </conditions>
            </line>
            <line number="159" hits="2" branch="False" />
            <line number="160" hits="2" branch="False" />
            <line number="161" hits="2" branch="False" />
            <line number="163" hits="9" branch="False" />
            <line number="164" hits="9" branch="False" />
            <line number="165" hits="9" branch="False" />
            <line number="166" hits="11" branch="False" />
            <line number="169" hits="11" branch="False" />
            <line number="170" hits="11" branch="True" condition-coverage="100% (4/4)">
              <conditions>
                <condition number="14" type="jump" coverage="100%" />
                <condition number="37" type="jump" coverage="100%" />
              </conditions>
            </line>
            <line number="171" hits="2" branch="False" />
            <line number="172" hits="2" branch="False" />
            <line number="173" hits="2" branch="False" />
            <line number="174" hits="11" branch="False" />
          </lines>
        </class>
      </classes>
    </package>
  </packages>
</coverage>